<?xml version="1.0" encoding="UTF-8"?>
<robot generator="Robot 4.1.3 (Python 3.9.6 on win32)" generated="20211227 21:08:09.728" rpa="false" schemaversion="2">
<suite id="s1" name="Admin Tests" source="E:\MyCode\TestAutomation\RF_PHPTRAVELS_POM\Tests\admin_tests.robot">
<kw name="Open With Chrome" library="login_page" type="SETUP">
<arg>https://phptravels.net/api/admin</arg>
<kw name="Getchrome" library="driver_initiator">
<var>${driver}</var>
<msg timestamp="20211227 21:08:09.984" level="INFO">
</msg>
<msg timestamp="20211227 21:08:09.984" level="INFO">====== WebDriver manager ======</msg>
<msg timestamp="20211227 21:08:09.999" level="INFO">Current google-chrome version is 96.0.4664</msg>
<msg timestamp="20211227 21:08:09.999" level="INFO">Get LATEST chromedriver version for 96.0.4664 google-chrome</msg>
<msg timestamp="20211227 21:08:10.103" level="INFO">Driver [E:\MyCode\TestAutomation\RF_PHPTRAVELS_POM\Tests\drivers\chromedriver\win32\96.0.4664.45\chromedriver.exe] found in cache</msg>
<msg timestamp="20211227 21:08:10.103" level="INFO">E:\MyCode\TestAutomation\RF_PHPTRAVELS_POM\Tests\drivers\chromedriver\win32\96.0.4664.45\chromedriver.exe</msg>
<msg timestamp="20211227 21:08:10.103" level="INFO">====== WebDriver manager ======
Current google-chrome version is 96.0.4664
Get LATEST chromedriver version for 96.0.4664 google-chrome
Driver [E:\MyCode\TestAutomation\RF_PHPTRAVELS_POM\Tests\drivers\chromedriver\win32\96.0.4664.45\chromedriver.exe] found in cache</msg>
<msg timestamp="20211227 21:08:10.103" level="INFO">${driver} = E:\MyCode\TestAutomation\RF_PHPTRAVELS_POM\Tests\drivers\chromedriver\win32\96.0.4664.45\chromedriver.exe</msg>
<status status="PASS" starttime="20211227 21:08:09.984" endtime="20211227 21:08:10.103"/>
</kw>
<kw name="Log" library="BuiltIn">
<arg>${driver}</arg>
<doc>Logs the given message with the given level.</doc>
<msg timestamp="20211227 21:08:10.104" level="INFO">E:\MyCode\TestAutomation\RF_PHPTRAVELS_POM\Tests\drivers\chromedriver\win32\96.0.4664.45\chromedriver.exe</msg>
<status status="PASS" starttime="20211227 21:08:10.104" endtime="20211227 21:08:10.104"/>
</kw>
<kw name="Open Browser" library="SeleniumLibrary">
<arg>${url}</arg>
<arg>${CHROME}</arg>
<arg>executable_path=${driver}</arg>
<doc>Opens a new browser instance to the optional ``url``.</doc>
<msg timestamp="20211227 21:08:10.104" level="INFO">Opening browser 'Chrome' to base url 'https://phptravels.net/api/admin'.</msg>
<status status="PASS" starttime="20211227 21:08:10.104" endtime="20211227 21:08:15.240"/>
</kw>
<kw name="Maximize Browser Window" library="SeleniumLibrary">
<doc>Maximizes current browser window.</doc>
<status status="PASS" starttime="20211227 21:08:15.240" endtime="20211227 21:08:15.350"/>
</kw>
<status status="PASS" starttime="20211227 21:08:09.984" endtime="20211227 21:08:15.351"/>
</kw>
<test id="s1-t1" name="Admin URL">
<kw name="Type Email" library="login_page">
<arg>admin@phptravels.com</arg>
<kw name="Input Text" library="SeleniumLibrary">
<arg>${USEREMAIL}</arg>
<arg>${useremailid}</arg>
<doc>Types the given ``text`` into the text field identified by ``locator``.</doc>
<msg timestamp="20211227 21:08:15.352" level="INFO">Typing text 'admin@phptravels.com' into text field 'name: email'.</msg>
<status status="PASS" starttime="20211227 21:08:15.352" endtime="20211227 21:08:15.406"/>
</kw>
<status status="PASS" starttime="20211227 21:08:15.351" endtime="20211227 21:08:15.406"/>
</kw>
<kw name="Type Password" library="login_page">
<arg>${PASSWORD}</arg>
<kw name="Input Password" library="SeleniumLibrary">
<arg>${USERPASS}</arg>
<arg>${userpw}</arg>
<doc>Types the given password into the text field identified by ``locator``.</doc>
<msg timestamp="20211227 21:08:15.407" level="INFO">Typing password into text field 'name: password'.</msg>
<msg timestamp="20211227 21:08:15.436" level="INFO">Temporally setting log level to: NONE</msg>
<msg timestamp="20211227 21:08:15.467" level="INFO">Log level changed from NONE to INFO.</msg>
<status status="PASS" starttime="20211227 21:08:15.407" endtime="20211227 21:08:15.468"/>
</kw>
<status status="PASS" starttime="20211227 21:08:15.406" endtime="20211227 21:08:15.468"/>
</kw>
<kw name="Click Login" library="login_page">
<arg>Dashboard</arg>
<arg>${DASHBOARD_CONFIRM}</arg>
<kw name="Click Element" library="SeleniumLibrary">
<arg>${LOGINBTN}</arg>
<doc>Click the element identified by ``locator``.</doc>
<msg timestamp="20211227 21:08:15.469" level="INFO">Clicking element 'xpath: //*[@type='submit']//*[text()='Login']'.</msg>
<status status="PASS" starttime="20211227 21:08:15.468" endtime="20211227 21:08:15.513"/>
</kw>
<kw name="Wait Until Element Is Visible" library="SeleniumLibrary">
<arg>${next_page}</arg>
<doc>Waits until the element ``locator`` is visible.</doc>
<status status="PASS" starttime="20211227 21:08:15.513" endtime="20211227 21:08:19.561"/>
</kw>
<kw name="Page Should Contain" library="SeleniumLibrary">
<arg>${text_assert}</arg>
<doc>Verifies that current page contains ``text``.</doc>
<msg timestamp="20211227 21:08:19.571" level="INFO">Current page contains text 'Dashboard'.</msg>
<status status="PASS" starttime="20211227 21:08:19.561" endtime="20211227 21:08:19.572"/>
</kw>
<status status="PASS" starttime="20211227 21:08:15.468" endtime="20211227 21:08:19.572"/>
</kw>
<kw name="Title Should Be" library="SeleniumLibrary">
<arg>Dashboard</arg>
<doc>Verifies that the current page title equals ``title``.</doc>
<msg timestamp="20211227 21:08:19.576" level="INFO">Page title is 'Dashboard'.</msg>
<status status="PASS" starttime="20211227 21:08:19.572" endtime="20211227 21:08:19.576"/>
</kw>
<status status="PASS" starttime="20211227 21:08:15.351" endtime="20211227 21:08:19.577"/>
</test>
<test id="s1-t2" name="Go To Quick Bookings Page">
<kw name="Click Bookings Btn" library="admin_dashboard_page">
<kw name="Click Element" library="SeleniumLibrary">
<arg>${BOOKINS_BTN}</arg>
<doc>Click the element identified by ``locator``.</doc>
<msg timestamp="20211227 21:08:19.579" level="INFO">Clicking element 'xpath: //button[@type='submit']//*[contains(text(), 'Bookings')]'.</msg>
<status status="PASS" starttime="20211227 21:08:19.578" endtime="20211227 21:08:20.611"/>
</kw>
<kw name="Wait Until Element Is Visible" library="SeleniumLibrary">
<arg>${ADD_BOOKINGS_BTN}</arg>
<arg>15</arg>
<doc>Waits until the element ``locator`` is visible.</doc>
<status status="PASS" starttime="20211227 21:08:20.611" endtime="20211227 21:08:20.630"/>
</kw>
<status status="PASS" starttime="20211227 21:08:19.578" endtime="20211227 21:08:20.630"/>
</kw>
<kw name="Click Add Bookings Btn" library="admin_dashboard_page">
<kw name="Click Element" library="SeleniumLibrary">
<arg>${ADD_BOOKINGS_BTN}</arg>
<doc>Click the element identified by ``locator``.</doc>
<msg timestamp="20211227 21:08:20.631" level="INFO">Clicking element 'xpath: //*[contains(text(), 'Add Booking')]'.</msg>
<status status="PASS" starttime="20211227 21:08:20.631" endtime="20211227 21:08:22.755"/>
</kw>
<kw name="Wait Until Element Is Visible" library="SeleniumLibrary">
<arg>${QUICK_BOOKING_TEXT}</arg>
<arg>15</arg>
<doc>Waits until the element ``locator`` is visible.</doc>
<msg timestamp="20211227 21:08:22.756" level="FAIL">Variable '${QUICK_BOOKING_TEXT}' not found.</msg>
<status status="FAIL" starttime="20211227 21:08:22.755" endtime="20211227 21:08:22.756"/>
</kw>
<status status="FAIL" starttime="20211227 21:08:20.631" endtime="20211227 21:08:22.757"/>
</kw>
<status status="FAIL" starttime="20211227 21:08:19.578" endtime="20211227 21:08:22.757">Variable '${QUICK_BOOKING_TEXT}' not found.</status>
</test>
<status status="FAIL" starttime="20211227 21:08:09.730" endtime="20211227 21:08:22.760"/>
</suite>
<statistics>
<total>
<stat pass="1" fail="1" skip="0">All Tests</stat>
</total>
<tag>
</tag>
<suite>
<stat pass="1" fail="1" skip="0" id="s1" name="Admin Tests">Admin Tests</stat>
</suite>
</statistics>
<errors>
<msg timestamp="20211227 21:08:09.979" level="ERROR">Error in file 'E:\MyCode\TestAutomation\RF_PHPTRAVELS_POM\Resources\pages\login_page.robot' on line 3: Test library 'Resources\driver_initiator.py' does not exist.</msg>
<msg timestamp="20211227 21:08:09.981" level="ERROR">Error in file 'E:\MyCode\TestAutomation\RF_PHPTRAVELS_POM\Resources\pages\admin_dashboard_page.robot' on line 9: Setting variable '${QUICK_BOOKING_TEXT} = xpath: //*[text()='Quick Booking']' failed: Invalid variable name '${QUICK_BOOKING_TEXT} = xpath: //*[text()='Quick Booking']'.</msg>
<msg timestamp="20211227 21:08:09.983" level="ERROR">Error in file 'E:\MyCode\TestAutomation\RF_PHPTRAVELS_POM\Resources\pages\admin_dashboard_page.robot' on line 3: Test library 'Resources\driver_initiator.py' does not exist.</msg>
</errors>
</robot>
